[0xc0000ae600 0xc000071a70 0xc0000af710 0xc0000af740 0xc0000ae000 0xc0000b8030 0xc0000af6e0 0xc0000af7a0 0xc0000af6b0 0xc0000ae3c0 0xc0000b84e0 0xc0000b8390 0xc0000719b0 0xc0000af560 0xc0000718f0]
[0xc0000ae600 0xc000071a70 0xc0000af710 0xc0000af740 0xc0000ae000 0xc0000b8030 0xc0000af6e0 0xc0000af7a0 0xc0000af6b0 0xc0000ae3c0 0xc0000b84e0 0xc0000b8390 0xc0000719b0 0xc0000af560 0xc0000718f0 0xc0000b8060 0xc0000afce0 0xc000070ff0 0xc0000af9e0 0xc0000afcb0 0xc000071290 0xc000071440 0xc0000afb60]
[0xc0000af1a0]
[0xc0000af1a0 0xc0000af050 0xc000071530 0xc0000b82d0 0xc0000716b0 0xc000071560 0xc0000aef00 0xc0000af200 0xc000070360 0xc000070510 0xc0000af680 0xc0000af590 0xc0000aee10 0xc0000af4d0 0xc0000af800 0xc0000714a0]
edge  144   24465  soil  -18.558263161396482  new soil  -35.38233954966606
edge  24465   25098  soil  -20.432703978422115  new soil  -38.94377710201476
edge  25098   24359  soil  -17.98041470392769  new soil  -34.28442748047535
edge  24359   25466  soil  -20.268569921928023  new soil  -38.63192239467598
edge  25466   24159  soil  -20.137214229075088  new soil  -38.38234657825541
edge  24159   24732  soil  -20.00350076251395  new soil  -38.12829099178925
edge  24732   24579  soil  -20.947278390419825  new soil  -39.921468484810404
edge  24579   25324  soil  -20.95269897315392  new soil  -39.93176759200519
edge  25324   25365  soil  -20.536355389751872  new soil  -39.1407147835413
edge  25365   25127  soil  -20.32228342911907  new soil  -38.73397805833898
edge  25127   25305  soil  -21.708567890715326  new soil  -41.36791853537186
edge  25305   25937  soil  -21.4993669440896  new soil  -40.97043673678298
edge  25937   25535  soil  -23.205286102773744  new soil  -44.21168313828285
edge  25535   25674  soil  -24.150376060125186  new soil  -46.007354057250595
edge  25674   25664  soil  -24.54117616380143  new soil  -46.74987425423546
edge  25664   25536  soil  -24.556977753558  new soil  -46.77989727477294
edge  25536   24395  soil  -24.134783733987273  new soil  -45.977728637588555
edge  24395   25453  soil  -24.17294604932459  new soil  -46.05023703672946
edge  25453   24440  soil  -24.214925256157215  new soil  -46.129997529711446
edge  24440   25229  soil  -24.232767402970264  new soil  -46.16389760865624
edge  25229   24453  soil  -24.159847105268867  new soil  -46.02534904302358
edge  24453   25509  soil  -24.820073981795083  new soil  -47.279780108423395
edge  25509   24371  soil  -24.184945237302493  new soil  -46.073035493887474
edge  24371   25433  soil  -22.4439118857975  new soil  -42.76507212602799
edge  25433   25217  soil  -24.285836561698304  new soil  -46.26472901023951
edge  25217   24591  soil  -24.126262301426337  new soil  -45.96153791572278
edge  24591   25531  soil  -24.50946000758806  new soil  -46.68961355743005
edge  25531   25729  soil  -23.95088555224177  new soil  -45.6283220922721
edge  25729   24446  soil  -22.810575154343844  new soil  -43.461732336266046
edge  24446   25883  soil  -21.526117806661972  new soil  -41.021263375670486
edge  25883   24940  soil  -22.73452780219747  new soil  -43.31724236718793
edge  24940   25166  soil  -24.207247573817877  new soil  -46.115409933266704
edge  25166   25786  soil  -23.986700132938665  new soil  -45.696369795596205
edge  25786   25559  soil  -25.31144950023109  new soil  -48.21339359345181
edge  144   24400  soil  -20.230830605619335  new soil  -38.560217693689474
edge  24400   24372  soil  -20.92623797288743  new soil  -39.88149169149886
edge  24372   25505  soil  -21.210053635416568  new soil  -40.42074145030422
edge  25505   25944  soil  -22.01279791448892  new soil  -41.945955580541685
edge  25944   25274  soil  -21.83597257522395  new soil  -41.609987435938244
edge  25274   24438  soil  -21.192839637654643  new soil  -40.38803485455656
edge  24438   25280  soil  -21.68996715012176  new soil  -41.33257712824408
edge  25280   24352  soil  -21.105906234282976  new soil  -40.22286138815039
edge  24352   25640  soil  -21.075756727124528  new soil  -40.16557732454934
edge  25640   23971  soil  -22.729351922575898  new soil  -43.307408195906945
edge  23971   25126  soil  -21.331729110719802  new soil  -40.651924853380365
edge  25126   25567  soil  -23.04364406713573  new soil  -43.90456327057063
edge  25567   25074  soil  -23.168069274778826  new soil  -44.14097116509251
edge  25074   24077  soil  -24.063473354516507  new soil  -45.8422389165941
edge  24077   24988  soil  -23.523827318851577  new soil  -44.81691144883074
edge  24988   25533  soil  -24.421362249614344  new soil  -46.52222781727999
edge  25533   25357  soil  -25.271188492523898  new soil  -48.13689767880815
edge  25357   24826  soil  -23.144007622772953  new soil  -44.09525402628135
edge  24826   25751  soil  -26.075748325040166  new soil  -49.66556136058905
edge  25751   25331  soil  -25.090466490120185  new soil  -47.79352587424109
edge  25331   25619  soil  -24.853210889997165  new soil  -47.34274023400735
edge  25619   25380  soil  -24.075580174064235  new soil  -45.86524187373479
edge  25380   25272  soil  -24.09123524436498  new soil  -45.8949865073062
edge  25272   25635  soil  -26.333566433566432  new soil  -50.155415766788956
edge  25635   25638  soil  -26.373951715374837  new soil  -50.23214780222493
edge  25638   24796  soil  -25.63319182636297  new soil  -48.824704013102384
edge  24796   25690  soil  -25.020787524526675  new soil  -47.66113583961342
edge  25690   25644  soil  -24.3487062603613  new soil  -46.38418143769921
edge  25644   25855  soil  -26.15745009668486  new soil  -49.82079472671398
edge  25855   25710  soil  -25.694877334692915  new soil  -48.941906478929276
edge  25710   23988  soil  -25.76567296824833  new soil  -49.07641818268457
edge  23988   25727  soil  -26.20178308249446  new soil  -49.905027399752214
edge  25727   25787  soil  -25.767002222118904  new soil  -49.07894376503866
edge  25787   25408  soil  -24.881077401862  new soil  -47.39568660655054
edge  25408   25694  soil  -24.753999121316614  new soil  -47.154237873514305
edge  25694   25400  soil  -24.814213433988073  new soil  -47.26864506759008
edge  156   24813  soil  -13.584831665318902  new soil  -25.932819707118657
edge  24813   24967  soil  -14.144361224885067  new soil  -26.99592587029437
edge  24967   23634  soil  -14.442719114081415  new soil  -27.56280585976743
edge  23634   25328  soil  -14.210325449274523  new soil  -27.121257896634337
edge  25328   25728  soil  -14.728419246656046  new soil  -28.10563611165923
edge  25728   24201  soil  -15.137508156521106  new soil  -28.882905040402843
edge  24201   24831  soil  -14.394527323129932  new soil  -27.471241456959614
edge  24831   24283  soil  -14.619835539523946  new soil  -27.89932706810824
edge  24283   23924  soil  -14.778805705849908  new soil  -28.201370384127568
edge  23924   24654  soil  -15.590970911848554  new soil  -29.744484275524997
edge  24654   25764  soil  -15.468262597268508  new soil  -29.511338477822907
edge  25764   24299  soil  -15.143908009485601  new soil  -28.895064761035385
edge  24299   25513  soil  -15.717453890886379  new soil  -29.98480193569686
edge  25513   25151  soil  -15.775989375984548  new soil  -30.096019357383383
edge  25151   25463  soil  -15.430492759786135  new soil  -29.4395757866064
edge  25463   25783  soil  -16.295131428027968  new soil  -31.08238925626588
edge  25783   25936  soil  -15.309951576067443  new soil  -29.210547537540883
edge  25936   25253  soil  -16.788856989935635  new soil  -32.02046782389045
edge  25253   25105  soil  -16.824287340979332  new soil  -32.08778549087347
edge  25105   25601  soil  -16.29810985804134  new soil  -31.08804827329129
edge  25601   25392  soil  -16.371322535223488  new soil  -31.22715235993737
edge  25392   24181  soil  -17.28620036165757  new soil  -32.965420230162124
edge  24181   24588  soil  -16.848603956328315  new soil  -32.13398706003654
edge  24588   25925  soil  -16.11761755944065  new soil  -30.745112905949977
edge  25925   25491  soil  -17.162925090906157  new soil  -32.73119721573444
edge  25491   25897  soil  -16.012476220984404  new soil  -30.54534436288311
edge  25897   25583  soil  -16.053923306311688  new soil  -30.62409382500495
edge  25583   25218  soil  -19.31566290471103  new soil  -36.821399061963696
edge  25218   25469  soil  -18.534061659490703  new soil  -35.33635669604507
edge  25469   24437  soil  -17.283568165490426  new soil  -32.96041905744455
edge  24437   24558  soil  -19.304530730006512  new soil  -36.80024793002511
edge  24558   24768  soil  -18.09686845384232  new soil  -34.505689605313144
edge  24768   24498  soil  -18.84324793349936  new soil  -35.92381061666152
edge  24498   24058  soil  -18.584060683161734  new soil  -35.43135484102003
edge  24058   24744  soil  -19.45171865144814  new soil  -37.079904980764205
edge  24744   25685  soil  -20.907412987687152  new soil  -39.845724219618326
edge  138   25231  soil  -18.132468360154512  new soil  -34.57332942730631
edge  25231   25960  soil  -17.997958080304958  new soil  -34.31775989559216
edge  25960   25963  soil  -20.559570586990304  new soil  -39.18482365829432
edge  25963   24860  soil  -19.833330361009452  new soil  -37.8049672289307
edge  24860   25319  soil  -18.553435504004476  new soil  -35.373167000621244
edge  25319   25793  soil  -19.041183085021494  new soil  -36.29988740455358
edge  25793   25608  soil  -18.534692465135866  new soil  -35.33755522677088
edge  25608   25854  soil  -21.143436061432983  new soil  -40.294168059735405
edge  25854   25534  soil  -20.656963582548734  new soil  -39.36987034985533
edge  25534   24703  soil  -19.94437657448723  new soil  -38.01595503453847
edge  24703   25657  soil  -22.366767243117103  new soil  -42.61849730493523
edge  25657   25812  soil  -23.139453920284495  new soil  -44.08660199155328
edge  25812   25456  soil  -24.206705268372684  new soil  -46.11437955292084
edge  25456   25662  soil  -25.076072723176935  new soil  -47.76617771704891
edge  25662   25477  soil  -25.30292064968784  new soil  -48.19718877741964
edge  25477   25617  soil  -25.86188965161708  new soil  -49.25922988108519
edge  25617   25368  soil  -26.453887547957493  new soil  -50.38402588413197
edge  25368   25261  soil  -26.586819412897594  new soil  -50.636596427518164
edge  25261   25200  soil  -25.14826791240751  new soil  -47.90334857658701
edge  25200   24676  soil  -24.54478457217903  new soil  -46.7567302301529
edge  24676   24939  soil  -27.11378636245169  new soil  -51.63783363167095
edge  24939   25457  soil  -28.199121925221327  new soil  -53.69997120093326
edge  25457   24379  soil  -28.92037925955942  new soil  -55.07036013617564
edge  24379   25723  soil  -28.039087685830417  new soil  -53.39590614609053
edge  25723   25903  soil  -29.124520070536807  new soil  -55.458227677032674
edge  25903   25901  soil  -27.135134196084262  new soil  -51.67839451557284
edge  25901   25545  soil  -28.478537364576553  new soil  -54.23086053570819
edge  25545   24351  soil  -29.2632504548211  new soil  -55.721815407172826
edge  24351   24458  soil  -28.53889304327647  new soil  -54.34553632523803
edge  24458   24747  soil  -27.99002927396673  new soil  -53.30269516354952
edge  24747   24291  soil  -27.732614290607078  new soil  -52.813606695166186
edge  24291   24766  soil  -27.76813066674811  new soil  -52.88108780983415
edge  24766   24494  soil  -28.081260964704004  new soil  -53.476035375950346
edge  156   25286  soil  -14.556715468327866  new soil  -27.779398932835687
edge  25286   24866  soil  -14.69048629000435  new soil  -28.033563494021006
edge  24866   25507  soil  -14.05946357344966  new soil  -26.8346203325671
edge  25507   25602  soil  -14.788450782548873  new soil  -28.2196960298556
edge  25602   25924  soil  -14.849746686517493  new soil  -28.33615824739598
edge  25924   25668  soil  -16.316578976644006  new soil  -31.123139598636353
edge  25668   25395  soil  -16.685205791725764  new soil  -31.823530547291693
edge  25395   25039  soil  -16.81274440598537  new soil  -32.065853914384945
edge  25039   25228  soil  -17.10739857944627  new soil  -32.62569684396065
edge  25228   25050  soil  -17.201254953511224  new soil  -32.80402395468406
edge  25050   25875  soil  -17.389013784508347  new soil  -33.1607657335786
edge  25875   25518  soil  -16.765973358396582  new soil  -31.97698892396625
edge  25518   25663  soil  -18.244095577656353  new soil  -34.78542114055981
edge  25663   25167  soil  -17.028308773709526  new soil  -32.475426213060835
edge  25167   24937  soil  -17.452069752962636  new soil  -33.28057207364175
edge  24937   25821  soil  -17.79389298723721  new soil  -33.93003621876344
edge  25821   25596  soil  -19.316532124264235  new soil  -36.823050579114785
edge  25596   25170  soil  -18.93095910788123  new soil  -36.09046184798707
edge  25170   24459  soil  -17.688204757496003  new soil  -33.729228582255146
edge  24459   25165  soil  -18.259121842736608  new soil  -34.813971044212295
edge  25165   25679  soil  -19.70887185577012  new soil  -37.56849606897597
edge  25679   24659  soil  -19.557292513003286  new soil  -37.28049531771898
edge  24659   25447  soil  -19.989971353579467  new soil  -38.10258511481373
edge  25447   24692  soil  -20.35397678239585  new soil  -38.79419542956485
edge  24692   23575  soil  -21.092008236312196  new soil  -40.196455192005914
edge  23575   25848  soil  -19.30294729251595  new soil  -36.79723939879304
edge  25848   25593  soil  -21.201042322736384  new soil  -40.40361995621187
edge  25593   25889  soil  -20.790786497128806  new soil  -39.62413388755747
edge  25889   25616  soil  -21.221030545014376  new soil  -40.441597578540055
edge  25616   24497  soil  -20.657486773895542  new soil  -39.37086441341427
edge  24497   24994  soil  -20.84300165444992  new soil  -39.72334268646759
edge  24994   24734  soil  -21.21042197421134  new soil  -40.421441294014286
edge  24734   25187  soil  -20.821381899337837  new soil  -39.68226515175463
edge  25187   25326  soil  -22.38090649261361  new soil  -42.6453618789786
edge  155   24836  soil  -18.936069426786403  new soil  -36.1001714539069
edge  24836   24165  soil  -24.978909476662455  new soil  -47.5815675486714
edge  24165   25394  soil  -25.106101218302264  new soil  -47.82323185778704
edge  25394   25752  soil  -28.51022274701341  new soil  -54.29106276233822
edge  25752   24878  soil  -24.652360855633248  new soil  -46.96112516871591
edge  24878   24064  soil  -25.258631405645428  new soil  -48.11303921373905
edge  24064   24935  soil  -26.515810936222213  new soil  -50.50168032183494
edge  24935   25285  soil  -26.632734605427572  new soil  -50.72383529332512
edge  25285   24855  soil  -27.717860865809115  new soil  -52.78557518805005
edge  24855   25779  soil  -27.569260966619353  new soil  -52.50323537958951
edge  25779   25565  soil  -28.312710359634956  new soil  -53.915789226319156
edge  25565   25136  soil  -31.076569287833202  new soil  -59.16712118989582
edge  25136   24521  soil  -28.327178978740772  new soil  -53.9432796026202
edge  24521   25069  soil  -29.105240812714666  new soil  -55.4215970871706
edge  25069   24886  soil  -27.582347050813222  new soil  -52.528098939557864
edge  24886   25442  soil  -26.86054513943962  new soil  -51.156675307948014
edge  25442   24741  soil  -27.253818382137286  new soil  -51.903894469073585
edge  24741   24789  soil  -26.252721807630817  new soil  -50.00181097751129
edge  24789   25243  soil  -27.038073542777667  new soil  -51.493979274290304
edge  25243   25643  soil  -25.43875072009688  new soil  -48.45526591119681
edge  25643   25586  soil  -29.069229209778577  new soil  -55.35317504159203
edge  25586   24482  soil  -31.343579575801904  new soil  -59.674440737036356
edge  24482   24126  soil  -27.04333022513987  new soil  -51.503966970778485
edge  24126   25683  soil  -26.008035613819477  new soil  -49.53690720926974
edge  25683   24563  soil  -26.57584130149177  new soil  -50.6157380158471
edge  24563   24484  soil  -24.748405179126305  new soil  -47.14360938335272
edge  24484   25017  soil  -22.446639724799663  new soil  -42.7702550201321
edge  25017   24012  soil  -23.86723237547785  new soil  -45.46938105642066
edge  24012   25849  soil  -25.574375533722304  new soil  -48.712953057085116
edge  138   25917  soil  -19.721451275023217  new soil  -37.59239696555685
edge  25917   24974  soil  -21.589445100422623  new soil  -41.141585233815725
edge  24974   24872  soil  -19.510103144720123  new soil  -37.19083551798097
edge  24872   24089  soil  -19.53669944789343  new soil  -37.24136849401025
edge  24089   25314  soil  -19.54621477482958  new soil  -37.25944761518894
edge  25314   25900  soil  -20.447102890536204  new soil  -38.97113503503152
edge  25900   25494  soil  -22.40851263955038  new soil  -42.697813558158465
edge  25494   25321  soil  -20.1236535909231  new soil  -38.35658136576663
edge  25321   25539  soil  -23.259912377645506  new soil  -44.3154730605392
edge  25539   25724  soil  -21.968584701492684  new soil  -41.861950475848836
edge  25724   25289  soil  -27.054892083316364  new soil  -51.52593450131383
edge  25289   25622  soil  -22.631311536045597  new soil  -43.121131461499374
edge  25622   25528  soil  -23.189204001693522  new soil  -44.18112714623043
edge  25528   25747  soil  -25.921757491564865  new soil  -49.37297877698598
edge  25747   25776  soil  -24.422453258605906  new soil  -46.52430073436396
edge  25776   25591  soil  -27.276396716494656  new soil  -51.94679330435258
edge  25591   25748  soil  -28.032779525868914  new soil  -53.38392064216367
edge  25748   25942  soil  -27.212550367300842  new soil  -51.82548524088434
edge  25942   25390  soil  -29.197190721155327  new soil  -55.59630191320786
edge  25390   25758  soil  -31.441230324054104  new soil  -59.85997715871554
edge  25758   25967  soil  -30.033504468859448  new soil  -57.18529803384569
edge  25967   24491  soil  -24.95252766840435  new soil  -47.531442112981004
edge  24491   24666  soil  -29.654797122277543  new soil  -56.46575407534007
edge  24666   25566  soil  -29.135107614384886  new soil  -55.478344010344024
edge  156   24640  soil  -16.38993208076118  new soil  -31.262510496458987
edge  24640   25519  soil  -15.914624931354977  new soil  -30.3594269125872
edge  25519   25480  soil  -16.365563958023213  new soil  -31.216211063256846
edge  25480   25234  soil  -16.630694245131675  new soil  -31.719958608762926
edge  25234   25618  soil  -17.82564149679995  new soil  -33.99035838693264
edge  25618   25615  soil  -18.418032106916698  new soil  -35.115900546154464
edge  25615   25000  soil  -17.380974648753757  new soil  -33.14549137564487
edge  25000   25173  soil  -18.144316352837055  new soil  -34.59584061340315
edge  25173   24399  soil  -18.346110532903246  new soil  -34.97924955552891
edge  24399   25946  soil  -19.212229826565824  new soil  -36.6248762134878
edge  25946   25096  soil  -18.829370412939046  new soil  -35.897443327596925
edge  25096   25004  soil  -18.37393259750106  new soil  -35.03211147826475
edge  25004   25569  soil  -18.356610509438447  new soil  -34.999199510945786
edge  25569   24677  soil  -19.22682313635375  new soil  -36.652603502084865
edge  24677   24249  soil  -18.273253072484213  new soil  -34.840820380732744
edge  24249   25809  soil  -20.214909590382458  new soil  -38.52996776473941
edge  25809   25195  soil  -18.758148424520723  new soil  -35.762121549602114
edge  25195   25781  soil  -18.13584001585257  new soil  -34.57973557313262
edge  25781   25171  soil  -19.789051529970997  new soil  -37.720837449957635
edge  25171   25703  soil  -18.211178096737022  new soil  -34.722877926813084
edge  25703   25926  soil  -20.26630438722721  new soil  -38.62761787874444
edge  25926   25493  soil  -19.775655384313833  new soil  -37.69538477320902
edge  25493   25639  soil  -21.561757864114423  new soil  -41.08897948483014
edge  25639   24495  soil  -19.64951400977353  new soil  -37.455716161582444
edge  24495   25623  soil  -23.036386596433758  new soil  -43.89077407623688
edge  156   24318  soil  -16.434821164103248  new soil  -31.347799754808914
edge  24318   24980  soil  -18.532455668995166  new soil  -35.333305314103555
edge  24980   25514  soil  -16.474916228459037  new soil  -31.423980377084913
edge  25514   24850  soil  -17.782993682446136  new soil  -33.909327539660396
edge  24850   25709  soil  -16.84162603696688  new soil  -32.120729013249814
edge  25709   24750  soil  -19.63897349970898  new soil  -37.435689192459805
edge  24750   25914  soil  -19.795583024464943  new soil  -37.73324728949613
edge  25914   25711  soil  -18.185444969729975  new soil  -34.67398498549969
edge  25711   25372  soil  -20.343018228120247  new soil  -38.77337417644121
edge  25372   25680  soil  -19.16192916558227  new soil  -36.52930495761905
edge  25680   25907  soil  -20.60649775964415  new soil  -39.273985286336625
edge  25907   25224  soil  -20.7555149383234  new soil  -39.5571179258272
edge  25224   25435  soil  -20.314961932589323  new soil  -38.720067214932456
edge  25435   25702  soil  -20.439673875963706  new soil  -38.95701990734378
edge  25702   25962  soil  -19.469964884775436  new soil  -37.11457282408607
edge  25962   24653  soil  -19.885832579544232  new soil  -37.90472144414678
edge  24653   23897  soil  -20.29670834253406  new soil  -38.68538539382745
edge  23897   25757  soil  -17.623361997987736  new soil  -33.60602733918944
edge  25757   25837  soil  -20.239697478647983  new soil  -38.57706475244391
edge  25837   24513  soil  -20.944675399905478  new soil  -39.91652280283315
edge  24513   25492  soil  -24.351273796400427  new soil  -46.38905975617355
edge  25492   25756  soil  -23.56154849767221  new soil  -44.88858168858994
edge  25756   24805  soil  -23.409130284118486  new soil  -44.598987082837866
edge  138   24385  soil  -23.33528482955494  new soil  -44.45868071916713
edge  24385   25825  soil  -24.44128577127977  new soil  -46.5600825084443
edge  25825   24978  soil  -22.28467452281208  new soil  -42.46252113635569
edge  24978   25092  soil  -22.4889748116001  new soil  -42.85069168505293
edge  25092   25845  soil  -21.310057687824848  new soil  -40.61074914987995
edge  25845   25904  soil  -19.639325974294707  new soil  -37.436358894172685
edge  25904   25201  soil  -19.527086323543976  new soil  -37.22310355774629
edge  25201   24701  soil  -18.44762250876659  new soil  -35.172122309669255
edge  24701   24570  soil  -25.920216327424072  new soil  -49.370050565118476
edge  24570   25689  soil  -22.96667441518359  new soil  -43.75832093186156
edge  25689   25071  soil  -20.656589073285293  new soil  -39.36915878225479
edge  25071   24642  soil  -19.529950375264455  new soil  -37.2285452560152
edge  24642   25455  soil  -27.019733151644914  new soil  -51.459132531138074
edge  25455   24375  soil  -22.838200267069244  new soil  -43.5142200504443
edge  24375   25629  soil  -23.87451871338437  new soil  -45.483225098443036
edge  25629   25865  soil  -29.275305690640888  new soil  -55.74472035523043
edge  160   24864  soil  -23.078261659472783  new soil  -43.970336696011024
edge  24864   25746  soil  -23.12412150932839  new soil  -44.05747041073668
edge  25746   25561  soil  -23.02026153287379  new soil  -43.86013645547294
edge  25561   25421  soil  -22.891299339927176  new soil  -43.615108288874374
edge  25421   25537  soil  -24.901453450894877  new soil  -47.43440109971301
edge  25537   25778  soil  -33.28763461651001  new soil  -63.368145314381756
edge  25778   24334  soil  -30.411309611624013  new soil  -57.903127805098364
edge  24334   25599  soil  -34.40643350866238  new soil  -65.49386320947127
edge  25599   24743  soil  -33.387765238502226  new soil  -63.558393496166964
edge  24743   24843  soil  -31.837253230279646  new soil  -60.61242068054407
edge  24843   25890  soil  -34.61878194579231  new soil  -65.89732524001813
edge  25890   25744  soil  -25.545393969641445  new soil  -48.657888085331486
edge  25744   24832  soil  -28.864272977622917  new soil  -54.96375820049628
edge  24832   25426  soil  -27.907858412260254  new soil  -53.14657052630722
edge  25426   25598  soil  -28.47531277172931  new soil  -54.22473380929843
edge  25598   25687  soil  -31.510997541681338  new soil  -59.99253487220728
edge  25687   25631  soil  -25.9076218570245  new soil  -49.346121071359285
edge  25631   25739  soil  -22.779132634557435  new soil  -43.401991548671866
edge  25739   25704  soil  -31.707101605270854  new soil  -60.36513259302736
edge  25704   25265  soil  -24.806703233444974  new soil  -47.25437568655819
edge  155   25199  soil  -22.80806787340462  new soil  -43.456968502481516
edge  25199   24627  soil  -26.9069106489719  new soil  -51.24476977605934
edge  24627   24834  soil  -28.11314567121215  new soil  -53.53661631831582
edge  24834   25276  soil  -25.297239756079026  new soil  -48.186395079562885
edge  25276   24636  soil  -26.58790414800789  new soil  -50.63865742422773
edge  24636   24541  soil  -25.306493052255643  new soil  -48.20397634229846
edge  24541   25750  soil  -22.90065397759541  new soil  -43.63288210044402
edge  25750   24561  soil  -22.15219967199949  new soil  -42.21081891981177
edge  24561   25495  soil  -17.083585445585154  new soil  -32.580451889624534
edge  25495   25053  soil  -24.21518957325888  new soil  -46.13049973220461
edge  161   24763  soil  -15.059513463269628  new soil  -28.734715123225037
edge  24763   24307  soil  -16.287624847168054  new soil  -31.068126752632047
edge  24307   25451  soil  -16.834476984002958  new soil  -32.10714581261836
edge  25451   24704  soil  -18.918496289222624  new soil  -36.06678249253572
edge  24704   25789  soil  -19.684880171490306  new soil  -37.52291186884432
edge  25789   24725  soil  -19.133903058543893  new soil  -36.476055354246135
edge  24725   25318  soil  -18.914531930081857  new soil  -36.059250210168265
edge  25318   25929  soil  -18.06647290493085  new soil  -34.447938062381354
edge  25929   25415  soil  -19.327999517395657  new soil  -36.84483862606449
edge  25415   25919  soil  -20.13550258535795  new soil  -38.37909445519285
edge  25919   24524  soil  -17.47585655665079  new soil  -33.325767000649236
edge  24524   24697  soil  -19.05664974318517  new soil  -36.32927405506456
edge  24697   25645  soil  -21.468490949204977  new soil  -40.9117723465022
edge  25645   25775  soil  -22.81073107566312  new soil  -43.46202858677267
edge  161   25813  soil  -19.1830676429777  new soil  -36.56946806467037
edge  25813   25273  soil  -14.711247777006276  new soil  -28.073010319324666
edge  25273   25696  soil  -14.893130515387982  new soil  -28.418587522249908
edge  25696   25375  soil  -15.284156498749004  new soil  -29.16153689063585
edge  25375   25681  soil  -17.744082321129415  new soil  -33.83539595315863
edge  25681   25768  soil  -15.524888360275463  new soil  -29.618927427536125
edge  25768   25928  soil  -15.318076909334033  new soil  -29.225985670747406
edge  25928   25922  soil  -16.276038452211186  new soil  -31.046112602213995
edge  25922   25920  soil  -22.52010856218422  new soil  -42.909845811162754
edge  160   24775  soil  -15.487719517919748  new soil  -29.548306627060263
edge  24775   25716  soil  -27.03596650883153  new soil  -51.48997590979265
edge  25716   24224  soil  -19.927760511478777  new soil  -37.984384514822416
edge  24224   25760  soil  -17.19619172736732  new soil  -32.79440382501065
edge  25760   24655  soil  -15.7468782422172  new soil  -30.04070820322542
edge  160   25808  soil  -16.184621268985627  new soil  -30.872419954085434
edge  25808   25908  soil  -16.568300993307876  new soil  -31.601411430297706
edge  25908   24227  soil  -12.652699955190593  new soil  -24.161769457874872
edge  24227   25604  soil  -24.694163605433047  new soil  -47.04055039333553
edge  160   25405  soil  -11.645191384079599  new soil  -22.24750317276398
edge  25405   25910  soil  -18.303207530690564  new soil  -34.89773385132481
edge  25910   25861  soil  -14.62038829769707  new soil  -27.90037730863718
edge  25861   24708  soil  -26.425888058290813  new soil  -50.33082685376528
edge  160   25524  soil  -19.03001148961304  new soil  -36.278661373277515
edge  25524   24421  soil  -32.892153467823974  new soil  -62.61673113187829
edge  160   25622-1  soil  -20.84305392226799  new soil  -39.72344199532192
Local Best Score &{RiderCost:825000 KitchenOptimality:265 UserSatisfaction:0.2975939770394688} 
Best Score &{RiderCost:825000 KitchenOptimality:265 UserSatisfaction:0.2975939770394688} 
8733.71918831501
---------------
Route 1
	Serving Kitchen :  144
	Order visited :
	-->24465,25098,24359,25466,24159,24732,24579,25324,25365,25127,25305,25937,25535,25674,25664,25536,24395,25453,24440,25229,24453,25509,24371,25433,25217,24591,25531,25729,24446,25883,24940,25166,25786,25559,
	Distance Traveled:  11571.562584314914
	Served Qty:  40
Route 2
	Serving Kitchen :  144
	Order visited :
	-->24400,24372,25505,25944,25274,24438,25280,24352,25640,23971,25126,25567,25074,24077,24988,25533,25357,24826,25751,25331,25619,25380,25272,25635,25638,24796,25690,25644,25855,25710,23988,25727,25787,25408,25694,25400,
	Distance Traveled:  17357.90522337078
	Served Qty:  40
Route 3
	Serving Kitchen :  156
	Order visited :
	-->24813,24967,23634,25328,25728,24201,24831,24283,23924,24654,25764,24299,25513,25151,25463,25783,25936,25253,25105,25601,25392,24181,24588,25925,25491,25897,25583,25218,25469,24437,24558,24768,24498,24058,24744,25685,
	Distance Traveled:  42986.04070963907
	Served Qty:  40
Route 4
	Serving Kitchen :  138
	Order visited :
	-->25231,25960,25963,24860,25319,25793,25608,25854,25534,24703,25657,25812,25456,25662,25477,25617,25368,25261,25200,24676,24939,25457,24379,25723,25903,25901,25545,24351,24458,24747,24291,24766,24494,
	Distance Traveled:  25523.60442623117
	Served Qty:  40
Route 5
	Serving Kitchen :  156
	Order visited :
	-->25286,24866,25507,25602,25924,25668,25395,25039,25228,25050,25875,25518,25663,25167,24937,25821,25596,25170,24459,25165,25679,24659,25447,24692,23575,25848,25593,25889,25616,24497,24994,24734,25187,25326,
	Distance Traveled:  39821.566911951435
	Served Qty:  40
Route 6
	Serving Kitchen :  155
	Order visited :
	-->24836,24165,25394,25752,24878,24064,24935,25285,24855,25779,25565,25136,24521,25069,24886,25442,24741,24789,25243,25643,25586,24482,24126,25683,24563,24484,25017,24012,25849,
	Distance Traveled:  49763.994431072366
	Served Qty:  40
Route 7
	Serving Kitchen :  138
	Order visited :
	-->25917,24974,24872,24089,25314,25900,25494,25321,25539,25724,25289,25622,25528,25747,25776,25591,25748,25942,25390,25758,25967,24491,24666,25566,
	Distance Traveled:  56679.526654571695
	Served Qty:  40
Route 8
	Serving Kitchen :  156
	Order visited :
	-->24640,25519,25480,25234,25618,25615,25000,25173,24399,25946,25096,25004,25569,24677,24249,25809,25195,25781,25171,25703,25926,25493,25639,24495,25623,
	Distance Traveled:  59577.37778543643
	Served Qty:  30
Route 9
	Serving Kitchen :  156
	Order visited :
	-->24318,24980,25514,24850,25709,24750,25914,25711,25372,25680,25907,25224,25435,25702,25962,24653,23897,25757,25837,24513,25492,25756,24805,
	Distance Traveled:  38626.69474338209
	Served Qty:  40
Route 10
	Serving Kitchen :  138
	Order visited :
	-->24385,25825,24978,25092,25845,25904,25201,24701,24570,25689,25071,24642,25455,24375,25629,25865,
	Distance Traveled:  59003.19372404338
	Served Qty:  26
Route 11
	Serving Kitchen :  160
	Order visited :
	-->24864,25746,25561,25421,25537,25778,24334,25599,24743,24843,25890,25744,24832,25426,25598,25687,25631,25739,25704,25265,
	Distance Traveled:  59189.464840191176
	Served Qty:  35
Route 12
	Serving Kitchen :  155
	Order visited :
	-->25199,24627,24834,25276,24636,24541,25750,24561,25495,25053,
	Distance Traveled:  49812.09292912339
	Served Qty:  40
Route 13
	Serving Kitchen :  161
	Order visited :
	-->24763,24307,25451,24704,25789,24725,25318,25929,25415,25919,24524,24697,25645,25775,
	Distance Traveled:  59909.759280093145
	Served Qty:  25
Route 14
	Serving Kitchen :  161
	Order visited :
	-->25813,25273,25696,25375,25681,25768,25928,25922,25920,
	Distance Traveled:  57591.320052056406
	Served Qty:  10
Route 15
	Serving Kitchen :  160
	Order visited :
	-->24775,25716,24224,25760,24655,
	Distance Traveled:  58993.12268655398
	Served Qty:  5
Route 16
	Serving Kitchen :  160
	Order visited :
	-->25808,25908,24227,25604,
	Distance Traveled:  58134.468381234095
	Served Qty:  4
Route 17
	Serving Kitchen :  160
	Order visited :
	-->25405,25910,25861,24708,
	Distance Traveled:  59791.84518101491
	Served Qty:  6
Route 18
	Serving Kitchen :  160
	Order visited :
	-->25524,24421,
	Distance Traveled:  11682.104011985315
	Served Qty:  4
Route 19
	Serving Kitchen :  160
	Order visited :
	-->25622-1,
	Distance Traveled:  9818.693736977466
	Served Qty:  40
-----------------
Kitchen and Served Qty
144  cap  &{0 56 80}  served qty  80
156  cap  &{0 105 150}  served qty  150
155  cap  &{0 35 100}  served qty  80
163  cap  &{0 49 70}  served qty  0
161  cap  &{0 105 150}  served qty  35
160  cap  &{0 49 100}  served qty  94
138  cap  &{0 70 150}  served qty  106
