1
2
3
4
5
6
7
8
9
10
11
12
13
14
15
16
17
18
19
20
21
22
23
24
25
26
27
28
29
30
31
32
33
34
35
36
37
38
39
40
41
42
43
44
45
46
47
48
49
50
51
52
53
54
55
56
57
58
59
60
61
62
63
64
65
66
67
68
69
70
71
72
73
74
75
76
77
78
79
80
81
82
83
84
85
86
87
88
89
90
91
92
93
94
95
96
97
98
99
100
101
102
103
104
105
106
107
108
109
110
111
112
113
114
115
116
117
118
119
120
121
122
123
124
125
126
127
128
129
130
131
132
133
134
135
136
137
138
139
140
141
142
143
144
145
146
147
148
149
150
151
152
153
154
155
156
157
158
159
160
161
162
163
164
165
166
167
168
169
170
171
172
173
174
175
176
177
178
179
180
181
182
183
184
185
186
187
188
189
190
191
192
193
194
195
196
197
198
199
200
201
202
203
204
205
206
207
208
209
210
211
212
213
214
215
216
217
218
219
220
221
222
223
224
225
226
227
228
229
230
231
232
233
234
235
236
237
238
239
240
241
242
243
244
245
246
247
248
249
250
251
252
253
254
255
256
257
258
259
260
261
262
263
264
265
266
267
268
269
270
271
272
273
274
275
276
277
278
279
280
281
282
283
284
285
286
287
288
289
290
291
292
293
294
295
296
297
298
299
300
301
302
303
304
305
306
307
308
309
310
311
312
313
314
315
316
317
318
319
320
321
322
323
324
325
326
327
328
329
330
331
332
333
334
335
336
337
338
339
340
341
342
343
344
345
346
347
348
349
350
351
352
353
354
355
356
357
358
359
6
Best Archive Iteration  0
&{RiderCost:625000 KitchenOptimality:175 UserSatisfaction:0.2914857293304518}
&{RiderCost:600000 KitchenOptimality:240 UserSatisfaction:0.29194365225608615}
&{RiderCost:675000 KitchenOptimality:152 UserSatisfaction:0.28620781551865576}
&{RiderCost:675000 KitchenOptimality:172 UserSatisfaction:0.29428001720674757}
&{RiderCost:700000 KitchenOptimality:216 UserSatisfaction:0.2900524392807663}
&{RiderCost:700000 KitchenOptimality:228 UserSatisfaction:0.2996100995854426}
5
Best Archive Iteration  1
&{RiderCost:675000 KitchenOptimality:152 UserSatisfaction:0.28620781551865576}
&{RiderCost:625000 KitchenOptimality:154 UserSatisfaction:0.2949898927300238}
&{RiderCost:600000 KitchenOptimality:181 UserSatisfaction:0.29457097803635085}
&{RiderCost:600000 KitchenOptimality:240 UserSatisfaction:0.29194365225608615}
&{RiderCost:625000 KitchenOptimality:175 UserSatisfaction:0.2914857293304518}
&{RiderCost:650000 KitchenOptimality:172 UserSatisfaction:0.29230042114043486}
&{RiderCost:625000 KitchenOptimality:168 UserSatisfaction:0.29944094374692964}
&{RiderCost:675000 KitchenOptimality:172 UserSatisfaction:0.29428001720674757}
&{RiderCost:700000 KitchenOptimality:216 UserSatisfaction:0.2900524392807663}
&{RiderCost:700000 KitchenOptimality:228 UserSatisfaction:0.2996100995854426}
5
Best Archive Iteration  2
&{RiderCost:600000 KitchenOptimality:106 UserSatisfaction:0.2962846114664642}
&{RiderCost:625000 KitchenOptimality:154 UserSatisfaction:0.2949898927300238}
&{RiderCost:600000 KitchenOptimality:240 UserSatisfaction:0.29194365225608615}
&{RiderCost:600000 KitchenOptimality:181 UserSatisfaction:0.2993664459691539}
&{RiderCost:625000 KitchenOptimality:203 UserSatisfaction:0.29011336875151295}
&{RiderCost:625000 KitchenOptimality:175 UserSatisfaction:0.2914857293304518}
&{RiderCost:650000 KitchenOptimality:161 UserSatisfaction:0.2904862628966037}
&{RiderCost:650000 KitchenOptimality:249 UserSatisfaction:0.28971708907785443}
&{RiderCost:675000 KitchenOptimality:172 UserSatisfaction:0.29428001720674757}
&{RiderCost:700000 KitchenOptimality:228 UserSatisfaction:0.2996100995854426}
8
Best Archive Iteration  3
&{RiderCost:600000 KitchenOptimality:106 UserSatisfaction:0.2962846114664642}
&{RiderCost:725000 KitchenOptimality:230 UserSatisfaction:0.2849269975950692}
&{RiderCost:600000 KitchenOptimality:240 UserSatisfaction:0.29194365225608615}
&{RiderCost:625000 KitchenOptimality:154 UserSatisfaction:0.2949898927300238}
&{RiderCost:650000 KitchenOptimality:161 UserSatisfaction:0.2904862628966037}
&{RiderCost:675000 KitchenOptimality:244 UserSatisfaction:0.28947933883564847}
&{RiderCost:675000 KitchenOptimality:172 UserSatisfaction:0.29428001720674757}
&{RiderCost:625000 KitchenOptimality:245 UserSatisfaction:0.30238336452158415}
&{RiderCost:650000 KitchenOptimality:258 UserSatisfaction:0.29625294225302184}
&{RiderCost:700000 KitchenOptimality:228 UserSatisfaction:0.2996100995854426}
8
Best Archive Iteration  4
&{RiderCost:650000 KitchenOptimality:142 UserSatisfaction:0.2829996729516129}
&{RiderCost:600000 KitchenOptimality:106 UserSatisfaction:0.2962846114664642}
&{RiderCost:725000 KitchenOptimality:230 UserSatisfaction:0.2849269975950692}
&{RiderCost:625000 KitchenOptimality:154 UserSatisfaction:0.2949898927300238}
&{RiderCost:600000 KitchenOptimality:256 UserSatisfaction:0.2966991286869991}
&{RiderCost:675000 KitchenOptimality:244 UserSatisfaction:0.28947933883564847}
&{RiderCost:625000 KitchenOptimality:245 UserSatisfaction:0.30238336452158415}
&{RiderCost:675000 KitchenOptimality:172 UserSatisfaction:0.29428001720674757}
&{RiderCost:650000 KitchenOptimality:274 UserSatisfaction:0.30287869871098955}
&{RiderCost:700000 KitchenOptimality:228 UserSatisfaction:0.2996100995854426}
