ahaaa
ahaaa
ahaaa
ahaaa
ahaaa
ahaaa
ahaaa
ahaaa
ahaaa
ahaaa
edge  138   25491  soil  -17.51022172338468  new soil  -33.37360422479422
edge  25491   25392  soil  -16.748375233282964  new soil  -31.926095893600962
edge  25392   24181  soil  -17.907776071479567  new soil  -34.12895748617451
edge  24181   24318  soil  -18.757194976505907  new soil  -35.74285340572455
edge  24318   25583  soil  -16.649657183845502  new soil  -31.738531599669784
edge  25583   25218  soil  -17.543668424019934  new soil  -33.437152956001206
edge  25218   24831  soil  -17.54421710470045  new soil  -33.438195449294184
edge  24831   24283  soil  -24.78284618148493  new soil  -47.1915906951847
edge  24283   25328  soil  -15.14705658483285  new soil  -28.883590461545744
edge  25328   25710  soil  -24.84071934630281  new soil  -47.30154970833866
edge  25710   25727  soil  -17.479756881299547  new soil  -33.31572102483247
edge  25727   25644  soil  -17.497533767435314  new soil  -33.349497108490425
edge  25644   25787  soil  -25.12128997814517  new soil  -47.83463390883915
edge  25787   23988  soil  -27.628715502501343  new soil  -52.59874240511588
edge  23988   25635  soil  -25.25724767053938  new soil  -48.09295352438815
edge  25635   25272  soil  -27.235140557394296  new soil  -51.85095000941249
edge  25272   25694  soil  -27.712197495462537  new soil  -52.75735819174215
edge  25694   24796  soil  -27.089009027941  new soil  -51.57330010345123
edge  24796   24299  soil  -23.727014626789558  new soil  -45.185510741263485
edge  24299   23634  soil  -17.533589914942095  new soil  -33.41800378875331
edge  23634   25783  soil  -16.614452809056267  new soil  -31.671643287570237
edge  25783   24058  soil  -24.82344595743537  new soil  -47.26873026949053
edge  24058   25229  soil  -15.802453212998797  new soil  -30.128844055061045
edge  25229   24371  soil  -25.878408289477544  new soil  -49.273158700370665
edge  24371   25703  soil  -27.06059418680672  new soil  -51.5193119052961
edge  25703   25480  soil  -27.960049497128665  new soil  -53.228276994907795
edge  25480   25531  soil  -28.635470939859907  new soil  -54.51157773609715
edge  25531   25533  soil  -28.611512395362148  new soil  -54.46605650155141
edge  25533   24395  soil  -28.0733976051281  new soil  -53.44363840010672
edge  24395   25535  soil  -28.045017503172577  new soil  -53.38971620639123
edge  25535   25664  soil  -16.443703346612374  new soil  -31.34721930892684
edge  25664   24453  soil  -16.573695295999485  new soil  -31.59420401276235
edge  156   25507  soil  -13.262833606367613  new soil  -25.303566802461795
edge  25507   24654  soil  -25.64439303692606  new soil  -48.828529720522845
edge  24654   25728  soil  -25.401896516298468  new soil  -48.367786331330414
edge  25728   24437  soil  -19.066150727794135  new soil  -36.329869333172184
edge  24437   25463  soil  -18.065800869506763  new soil  -34.42920460242618
edge  25463   25855  soil  -19.96544669325868  new soil  -38.03853166755482
edge  25855   25690  soil  -25.961625231123076  new soil  -49.43127088949717
edge  25690   25638  soil  -24.65387498867277  new soil  -46.94654542884159
edge  25638   24440  soil  -13.104029930266757  new soil  -25.001839817870167
edge  24440   24591  soil  -19.554648465773845  new soil  -37.258015035333635
edge  24591   25619  soil  -14.295095847317468  new soil  -27.26486506026652
edge  25619   25536  soil  -18.711480545818905  new soil  -35.655995987419246
edge  25536   25217  soil  -18.04133908115123  new soil  -34.38272720455066
edge  25217   25453  soil  -18.7662216364561  new soil  -35.760004059629914
edge  25453   25433  soil  -19.96125076371355  new soil  -38.030559401419076
edge  25433   25357  soil  -17.743232904634468  new soil  -33.81632546916882
edge  25357   25729  soil  -17.203624989594484  new soil  -32.791070430592846
edge  25729   24826  soil  -23.642051911497077  new soil  -45.02408158220778
edge  24826   25167  soil  -16.409591363805937  new soil  -31.28240654159461
edge  25167   25751  soil  -16.180743958951076  new soil  -30.847596472370373
edge  25751   24077  soil  -17.056772974979324  new soil  -32.512051602824044
edge  24077   25166  soil  -16.940613372808922  new soil  -32.29134835870028
edge  25166   25685  soil  -17.193127489118424  new soil  -32.77112517968833
edge  25685   25466  soil  -16.951280275693236  new soil  -32.31161547418048
edge  25466   24359  soil  -16.05742911764009  new soil  -30.6132982738795
edge  24359   25098  soil  -17.586833208812507  new soil  -33.51916604710709
edge  25098   25518  soil  -18.312001244033517  new soil  -34.89698531402701
edge  25518   24465  soil  -18.378722364095598  new soil  -35.02375544214497
edge  24465   25663  soil  -17.42514167203748  new soil  -33.21195212723454
edge  25663   25567  soil  -16.14484360196225  new soil  -30.779385794091606
edge  25567   24579  soil  -19.051318717104394  new soil  -36.30168851286168
edge  24579   24732  soil  -17.139294135875232  new soil  -32.668841808526274
edge  24732   24159  soil  -17.574831713755138  new soil  -33.49636320649809
edge  24159   25127  soil  -17.533912163748916  new soil  -33.41861606148627
edge  25127   25883  soil  -17.80866336039437  new soil  -33.94064333511263
edge  25883   24988  soil  -18.54648874210727  new soil  -35.34251156036714
edge  24988   25331  soil  -18.55368925645732  new soil  -35.35619253763224
edge  163   25469  soil  -23.585033238184256  new soil  -44.91574610291342
edge  25469   25253  soil  -24.96217085472716  new soil  -47.532307574344934
edge  25253   25513  soil  -25.886204112429937  new soil  -49.287970763980205
edge  25513   25601  soil  -18.850713579235805  new soil  -35.92053875091136
edge  25601   25528  soil  -15.983668724915303  new soil  -30.473153527702404
edge  25528   25494  soil  -19.56908720857217  new soil  -37.28544864665045
edge  25494   25925  soil  -17.564034222382524  new soil  -33.47584797289012
edge  25925   24201  soil  -22.27661883872806  new soil  -42.42975874394664
edge  24201   23924  soil  -18.10840732739789  new soil  -34.51015687241932
edge  23924   25764  soil  -15.112040997307751  new soil  -28.817060845248058
edge  25764   24768  soil  -16.657884115518197  new soil  -31.754162769847902
edge  24768   23971  soil  -23.386646569363975  new soil  -44.53881143215488
edge  23971   24541  soil  -25.342705212764574  new soil  -48.25532285461602
edge  24541   25608  soil  -18.10067477448853  new soil  -34.49546502189154
edge  25608   25050  soil  -19.501649621265983  new soil  -37.1573172307687
edge  25050   25505  soil  -19.93572065090398  new soil  -37.982052187080896
edge  25505   25640  soil  -20.162201562865572  new soil  -38.41236591980792
edge  25640   25944  soil  -18.52811337614125  new soil  -35.3075983650317
edge  25944   25280  soil  -26.006502726886318  new soil  -49.516538131447334
edge  25280   24438  soil  -26.451030505713305  new soil  -50.361140911218605
edge  24438   25126  soil  -25.15613735099169  new soil  -47.900843917247535
edge  25126   24994  soil  -25.573821398480145  new soil  -48.694443607475606
edge  24994   25324  soil  -23.54747445402844  new soil  -44.844384413017366
edge  25324   24459  soil  -18.413179902422222  new soil  -35.08922476496555
edge  24459   25596  soil  -19.17188434881858  new soil  -36.53076321311863
edge  25596   24458  soil  -19.042521086460543  new soil  -36.28497301463836
edge  24458   24351  soil  -19.42608323255817  new soil  -37.01374109222385
edge  24351   25545  soil  -15.622473196860092  new soil  -29.786882024397503
edge  25545   24766  soil  -17.303043457241404  new soil  -32.979965519122
edge  24766   24747  soil  -27.511499976109285  new soil  -52.37603290497097
edge  24747   25821  soil  -17.031786626906214  new soil  -32.464577541485134
edge  25821   25848  soil  -26.985148661708777  new soil  -51.37596540761
edge  25848   25679  soil  -27.01159296895933  new soil  -51.426209591386055
edge  25679   25234  soil  -24.657884009073975  new soil  -46.95416256760388
edge  25234   25593  soil  -17.868402032120407  new soil  -34.0541468113921
edge  25593   23575  soil  -18.367727347390236  new soil  -35.002864910404774
edge  23575   25889  soil  -25.186807226449222  new soil  -47.95911668061685
edge  25889   24494  soil  -24.961150994896876  new soil  -47.53036984066739
edge  156   24307  soil  -15.492458243583512  new soil  -29.539853613172003
edge  24307   25793  soil  -13.933695068162528  new soil  -26.578203579872135
edge  25793   24558  soil  -24.769835070099656  new soil  -47.166869583552675
edge  24558   25408  soil  -24.762474922471277  new soil  -47.15288530305875
edge  25408   25937  soil  -13.095134823700585  new soil  -24.98493911539444
edge  25937   25674  soil  -16.75171320357826  new soil  -31.932438037162022
edge  25674   25509  soil  -17.001865879727546  new soil  -32.407728121845665
edge  25509   25559  soil  -19.33170815594898  new soil  -36.834428446666394
edge  25559   25657  soil  -16.742669675332976  new soil  -31.915255333495985
edge  25657   24446  soil  -15.898198299225031  new soil  -30.31075971889089
edge  24446   24744  soil  -14.370859253903538  new soil  -27.40881553278005
edge  24744   25786  soil  -16.617043134152585  new soil  -31.67656490525324
edge  25786   24940  soil  -24.09673724622268  new soil  -45.88798371818642
edge  24940   25447  soil  -17.778197450335362  new soil  -33.882758106000516
edge  25447   25365  soil  -15.989859634155113  new soil  -30.484916255258046
edge  25365   24291  soil  -25.28952142532929  new soil  -48.15427365848898
edge  24291   25285  soil  -22.207176365099254  new soil  -42.297818044051915
edge  25285   25165  soil  -16.94491187293972  new soil  -32.299515508948794
edge  25165   24655  soil  -17.84806932881444  new soil  -34.015514675110765
edge  24655   24642  soil  -18.668866909758265  new soil  -35.575030078904035
edge  24642   24379  soil  -19.471947765816108  new soil  -37.100883705413935
edge  24379   24939  soil  -20.81095784911013  new soil  -39.64500286367258
edge  24939   25368  soil  -19.457712824621662  new soil  -37.07383731714449
edge  25368   25200  soil  -19.801353565935603  new soil  -37.72675472564097
edge  25200   24937  soil  -19.9588517796085  new soil  -38.02600133161948
edge  24937   25457  soil  -20.27697220727119  new soil  -38.63043014417859
edge  25457   25617  soil  -20.182012360538117  new soil  -38.45000643538575
edge  25617   25903  soil  -20.506614501630743  new soil  -39.06675050346174
edge  25903   24692  soil  -20.462877977437756  new soil  -38.983651107495064
edge  24692   25723  soil  -20.642638153831225  new soil  -39.32519544264266
edge  25723   25477  soil  -19.7311289906382  new soil  -37.59332803257591
edge  25477   25812  soil  -21.370704639434706  new soil  -40.70852176528927
edge  25812   25662  soil  -21.34736684216827  new soil  -40.664179950483046
edge  25662   25901  soil  -18.458246676631475  new soil  -35.17485163596313
edge  160   25746  soil  -20.836740849028377  new soil  -39.69399056351725
edge  25746   25781  soil  -24.986865317049187  new soil  -47.579227052756785
edge  25781   25566  soil  -27.50522070192331  new soil  -52.36410228401762
edge  25566   25069  soil  -18.403978018385494  new soil  -35.07174118529577
edge  25069   25779  soil  -19.690059520478012  new soil  -37.515296039271554
edge  25779   25170  soil  -19.41059932994265  new soil  -36.984321677254364
edge  25170   25456  soil  -25.496685532068355  new soil  -48.547885461293205
edge  25456   25261  soil  -28.03999969702874  new soil  -53.38018237471793
edge  25261   24659  soil  -17.588590674101273  new soil  -33.52250523115575
edge  24659   25616  soil  -27.528116013206244  new soil  -52.40760337545519
edge  25616   24666  soil  -25.312188284826206  new soil  -48.19734069153312
edge  24666   24491  soil  -25.550722882763957  new soil  -48.650556427614845
edge  24491   25455  soil  -23.930162521750727  new soil  -45.57149174168971
edge  25455   25136  soil  -21.621644346422546  new soil  -41.185307208566165
edge  25136   24521  soil  -16.61400290630677  new soil  -31.670788472346192
edge  24521   25809  soil  -25.9408925416411  new soil  -49.391878779481424
edge  25809   25442  soil  -25.231384811558033  new soil  -48.04381409232359
edge  25442   25615  soil  -24.218675923602174  new soil  -46.119667205207456
edge  25615   25618  soil  -22.877057019247218  new soil  -43.570591286933045
edge  25618   25565  soil  -17.401556824147157  new soil  -33.16714091624293
edge  25565   24249  soil  -16.82103274120198  new soil  -32.06414515864709
edge  24249   25748  soil  -20.299846882479958  new soil  -38.67389202707525
edge  25748   25963  soil  -15.35199163357149  new soil  -29.272967054149163
edge  25963   25758  soil  -16.779804803443056  new soil  -31.985812076905138
edge  25758   25960  soil  -16.762499470795426  new soil  -31.95293194487464
edge  25960   25747  soil  -17.330338343382884  new soil  -33.031825802790806
edge  25747   25105  soil  -16.35228032777768  new soil  -31.17351557314092
edge  25105   25151  soil  -16.83176290114184  new soil  -32.08453246253282
edge  25151   24967  soil  -23.541113836366172  new soil  -44.832299239459054
edge  24967   25936  soil  -26.84432784492867  new soil  -51.1084058557278
edge  155   24627  soil  -22.437124272650035  new soil  -42.7347190683984
edge  24627   25495  soil  -21.347860996175854  new soil  -40.66511884309745
edge  25495   25415  soil  -22.121149342724657  new soil  -42.13436670154017
edge  25415   25604  soil  -22.09038493133999  new soil  -42.07591431990931
edge  25604   25756  soil  -24.37101514926033  new soil  -46.40911173395796
edge  25756   25680  soil  -16.220895470883136  new soil  -30.923884345041287
edge  25680   25645  soil  -19.93808864821795  new soil  -37.986551381977435
edge  25645   25435  soil  -20.321666794697787  new soil  -38.71534986028912
edge  25435   25907  soil  -18.43189344401261  new soil  -35.12478049398729
edge  25907   25775  soil  -18.915306556923767  new soil  -36.04326540851849
edge  25775   25224  soil  -18.248047551576356  new soil  -34.775473298358406
edge  25224   24513  soil  -17.231270320825192  new soil  -32.84359655993119
edge  24513   25492  soil  -17.991751054773925  new soil  -34.288509954433785
edge  25492   25919  soil  -18.251367160291203  new soil  -34.781780554916615
edge  25919   25372  soil  -20.071558456103528  new soil  -38.24014401696003
edge  25372   25451  soil  -22.437363034055497  new soil  -42.73517271506877
edge  25451   25711  soil  -24.160150047367484  new soil  -46.00846804036155
edge  25711   25962  soil  -19.52968545278124  new soil  -37.21058531064769
edge  25962   23897  soil  -18.11439310097294  new soil  -34.52152984221191
edge  23897   24750  soil  -17.11130951045202  new soil  -32.615671020222166
edge  24750   25914  soil  -26.70777441419257  new soil  -50.84895433732921
edge  25914   24805  soil  -15.035682298631203  new soil  -28.671979317762617
edge  24805   25716  soil  -26.271934136047253  new soil  -50.02085780885311
edge  25716   24775  soil  -23.00307792274024  new soil  -43.81003100356978
edge  24775   25709  soil  -17.324701579667448  new soil  -33.02111595173148
edge  25709   24850  soil  -18.215597618737597  new soil  -34.71381842596476
edge  24850   24385  soil  -19.30877348654216  new soil  -36.79085257479343
edge  161   24860  soil  -14.069259205665944  new soil  -26.83577544112862
edge  24860   25967  soil  -15.137017492250186  new soil  -28.86451618563868
edge  25967   25390  soil  -16.971809938376534  new soil  -32.350621833278744
edge  25390   25813  soil  -13.588231454401305  new soil  -25.92182271372581
edge  25813   25681  soil  -14.349842707557714  new soil  -27.368884094722986
edge  25681   25400  soil  -12.963057469944031  new soil  -24.73399214325699
edge  25400   24400  soil  -15.033057106809661  new soil  -28.666991453301687
edge  24400   25926  soil  -16.325998891141467  new soil  -31.123580843532118
edge  25926   24064  soil  -25.35780539003607  new soil  -48.28401319143186
edge  24064   25053  soil  -24.872099271992507  new soil  -47.36117156714909
edge  25053   25924  soil  -22.54723726553608  new soil  -42.94393375488188
edge  25924   25739  soil  -22.300451913531532  new soil  -42.47504158607324
edge  25739   24497  soil  -13.957645995594138  new soil  -26.623710341992194
edge  24497   25074  soil  -27.45583445649529  new soil  -52.27026841770438
edge  25074   25854  soil  -26.361282706784078  new soil  -50.190620093253074
edge  25854   24498  soil  -17.925703710009998  new soil  -34.16301999938233
edge  24498   24372  soil  -18.18328816505461  new soil  -34.652430463967086
edge  24372   25305  soil  -18.43291975048853  new soil  -35.126730476291534
edge  25305   25875  soil  -16.129210221340482  new soil  -30.749682370910246
edge  25875   25274  soil  -16.604823562256765  new soil  -31.653347718651183
edge  25274   25704  soil  -17.763835529358122  new soil  -33.85547045614376
edge  25704   25228  soil  -17.745894413699233  new soil  -33.82138233639187
edge  25228   25534  soil  -17.85893055856608  new soil  -34.03615101163888
edge  25534   25668  soil  -18.453359281448538  new soil  -35.16556558511555
edge  25668   24352  soil  -16.26285204527699  new soil  -31.00360183638961
edge  24352   25519  soil  -20.31396194062976  new soil  -38.70071063755987
edge  25519   25395  soil  -28.60976419407061  new soil  -54.462734919097485
edge  25395   24636  soil  -26.723146304979867  new soil  -50.87816092982508
edge  24636   25265  soil  -27.455009210445297  new soil  -52.268700450209394
edge  25265   25598  soil  -24.189405579193686  new soil  -46.06405355083133
edge  25598   25602  soil  -15.999559454633111  new soil  -30.503345914166243
edge  161   25591  soil  -12.254535005165035  new soil  -23.387799460176897
edge  25591   25195  soil  -17.810946295033077  new soil  -33.944980910926176
edge  25195   24570  soil  -14.343345277556514  new soil  -27.356538977720707
edge  24570   25539  soil  -18.36844816122586  new soil  -35.004234456692465
edge  25539   25071  soil  -18.23955187630473  new soil  -34.75933151534232
edge  25071   25201  soil  -13.006690266890317  new soil  -24.816894457454932
edge  25201   25928  soil  -16.50813717573902  new soil  -31.469643584267466
edge  25928   25289  soil  -21.514130053383848  new soil  -40.981030051792644
edge  25289   24864  soil  -22.359194881223473  new soil  -42.58665322468793
edge  24864   25375  soil  -12.004860176835278  new soil  -22.91341728635036
edge  25375   25231  soil  -15.620057279591503  new soil  -29.782291781587187
edge  25231   25942  soil  -15.421731281591029  new soil  -29.405472385386286
edge  25942   25776  soil  -15.589161265594129  new soil  -29.723589354992175
edge  25776   24701  soil  -16.82238085978258  new soil  -32.06670658395023
edge  24701   25724  soil  -16.990474970032334  new soil  -32.386085393424764
edge  25724   24676  soil  -14.8074006058871  new soil  -28.23824410154882
edge  24676   25639  soil  -20.815526030462205  new soil  -39.65368240824152
edge  25639   24855  soil  -14.758813206440058  new soil  -28.14592804259944
edge  24855   24734  soil  -17.319005178540493  new soil  -33.01029278959027
edge  24734   24935  soil  -15.861388084721979  new soil  -30.24082031133509
edge  156   25897  soil  -13.753907348304171  new soil  -26.236606912141255
edge  25897   25910  soil  -15.018383863548213  new soil  -28.639112291104933
edge  25910   25514  soil  -21.242698338181185  new soil  -40.46530979290758
edge  25514   25900  soil  -18.874466775379332  new soil  -35.96566982358406
edge  25900   24974  soil  -14.71013642606082  new soil  -28.053442159878887
edge  24974   24872  soil  -24.667204139825017  new soil  -46.97187081603086
edge  24872   24089  soil  -21.764011932887325  new soil  -41.45580562284925
edge  24089   25904  soil  -21.23769959726913  new soil  -40.45581218517468
edge  25904   25092  soil  -18.666598218925028  new soil  -35.57071956632088
edge  25092   24978  soil  -16.17396660439543  new soil  -30.834719498714648
edge  24978   25845  soil  -16.4963507102033  new soil  -31.447249299749597
edge  25845   25622  soil  -26.52914388332764  new soil  -50.509556328685846
edge  25622   25321  soil  -18.595206367189856  new soil  -35.43507504802405
edge  25321   25917  soil  -14.892220025605017  new soil  -28.39940099901286
edge  25917   25314  soil  -19.070275861252533  new soil  -36.337707086743144
edge  25314   25768  soil  -17.538923729678885  new soil  -33.42813803675321
edge  25768   25825  soil  -16.49769845606145  new soil  -31.449810016880082
edge  25825   24980  soil  -14.284918192152228  new soil  -27.24552751545256
edge  24980   25696  soil  -21.867499666299388  new soil  -41.65243231633217
edge  163   25689  soil  -21.988785339597968  new soil  -41.882875095599466
edge  25689   25380  soil  -17.27448819927728  new soil  -32.92571052899016
edge  25380   24813  soil  -19.499690450095294  new soil  -37.15359480554439
edge  24813   25039  soil  -19.250877836078985  new soil  -36.6808508389134
edge  25039   25187  soil  -20.947906161561487  new soil  -39.90520465733015
edge  25187   25421  soil  -25.50876262002705  new soil  -48.57083192841472
edge  25421   24495  soil  -15.756924018221243  new soil  -30.042338584983693
edge  24495   24012  soil  -21.290414114833784  new soil  -40.55596976854752
edge  24012   25890  soil  -22.36496466298847  new soil  -42.597615810041425
edge  25890   24743  soil  -21.65294677884623  new soil  -41.24478183017116
edge  24743   24561  soil  -27.84484019209621  new soil  -53.00937931534613
edge  24561   24708  soil  -27.98090443621933  new soil  -53.26790137918005
edge  24708   25778  soil  -27.20987636496068  new soil  -51.802948043788625
edge  25778   25000  soil  -21.946755386428958  new soil  -41.80301818457835
edge  25000   25173  soil  -19.75159247113885  new soil  -37.63220864552714
edge  25173   24482  soil  -20.03831307350412  new soil  -38.176977790021155
edge  24482   24563  soil  -21.144987915977193  new soil  -40.27965999072
edge  24563   25643  soil  -20.893101284366765  new soil  -39.80107539066018
edge  25643   25861  soil  -22.209621690958826  new soil  -42.3024641631851
edge  25861   25096  soil  -20.93532193101657  new soil  -39.88129461929481
edge  25096   25561  soil  -20.468865860429  new soil  -38.995028085178426
edge  25561   24484  soil  -17.4223054341338  new soil  -33.20656327521755
edge  24484   24399  soil  -18.42305388195238  new soil  -35.10798532607285
edge  24399   25946  soil  -18.635437234038704  new soil  -35.51151369503687
edge  25946   25004  soil  -22.62510032750301  new soil  -43.09187357261904
edge  25004   25683  soil  -24.612713124219653  new soil  -46.868337886380665
edge  25683   24126  soil  -25.1985011710506  new soil  -47.98133517535947
edge  138   25286  soil  -15.200149443183097  new soil  -28.984466892411213
edge  25286   24866  soil  -19.031757413497438  new soil  -36.26452203600846
edge  24866   25837  soil  -21.114809977030042  new soil  -40.22232190672041
edge  25837   24697  soil  -17.928484406170607  new soil  -34.16830332208748
edge  24697   25702  soil  -21.311855826342644  new soil  -40.59670902041435
edge  25702   24653  soil  -18.986186490846812  new soil  -36.17793728297227
edge  24653   24704  soil  -12.341397339900846  new soil  -23.552837896174935
edge  24704   25199  soil  -16.392459265165364  new soil  -31.249855554177522
edge  25199   24640  soil  -19.765741800531437  new soil  -37.659092371373056
edge  24640   25789  soil  -17.459239382719495  new soil  -33.27673777753037
edge  25789   25929  soil  -19.683185088636233  new soil  -37.50223461877217
edge  25929   24834  soil  -17.266659235204393  new soil  -32.910835497251675
edge  24834   25757  soil  -18.290225039343078  new soil  -34.855610525115175
edge  25757   25760  soil  -13.821746524456247  new soil  -26.365501346830197
edge  160   25569  soil  -20.671423662806383  new soil  -39.379887909695455
edge  25569   24375  soil  -18.39691433260546  new soil  -35.0583201823137
edge  24375   25493  soil  -15.645031661350968  new soil  -29.82974310693017
edge  25493   24789  soil  -23.325514712132456  new soil  -44.42266090341499
edge  24789   25865  soil  -23.643656295493706  new soil  -45.02712991180137
edge  25865   24677  soil  -26.01922939146432  new soil  -49.54071879414554
edge  24677   25629  soil  -25.330586468185835  new soil  -48.23229723991641
edge  25629   25243  soil  -22.182264595492953  new soil  -42.25048568179994
edge  25243   25017  soil  -25.35249298445207  new soil  -48.27391962082226
edge  25017   25744  soil  -21.825875697135338  new soil  -41.57334677492047
edge  25744   24836  soil  -25.084871109614365  new soil  -47.76543805863062
edge  24836   25524  soil  -28.66519552375632  new soil  -54.56805444550034
edge  25524   25326  soil  -23.274678583873605  new soil  -44.326072259723176
edge  25326   24421  soil  -23.943398209244716  new soil  -45.59663954792829
edge  24421   25426  soil  -25.371215700956412  new soil  -48.30949278218051
edge  25426   24878  soil  -27.331761202576402  new soil  -52.03452923525849
edge  24878   25631  soil  -20.544020879991464  new soil  -39.13782262234711
edge  25631   24165  soil  -21.13038639198686  new soil  -40.25191709513837
edge  24165   25623  soil  -24.82717430362275  new soil  -47.275814127246555
edge  25623   25849  soil  -24.642943301756183  new soil  -46.92577522370008
edge  25849   25687  soil  -17.742372909322913  new soil  -33.81469147807687
edge  138   25622-1  soil  -21.2548890249068  new soil  -40.48847209768625
edge  155   25276  soil  -21.493380160119003  new soil  -40.94160525458943
edge  25276   24224  soil  -19.063352385797877  new soil  -36.32455248337929
edge  24224   24763  soil  -12.808745008282923  new soil  -24.440798466100883
edge  24763   25273  soil  -16.351803679302083  new soil  -31.172609941037287
edge  25273   25922  soil  -14.6511262627252  new soil  -27.94132284954121
edge  25922   25920  soil  -30.72735481754196  new soil  -58.48615710369305
edge  25920   25752  soil  -10.515252921942068  new soil  -20.08316350205326
edge  25752   24886  soil  -17.1595034844967  new soil  -32.707239570907056
edge  155   24524  soil  -17.58987919935878  new soil  -33.524953429145015
edge  24524   25318  soil  -25.757836980741466  new soil  -49.044073213772116
edge  25318   25405  soil  -16.53659556607931  new soil  -31.523714525914016
edge  25405   24588  soil  -14.476192471241053  new soil  -27.60894864572133
edge  24588   25537  soil  -11.723836025450318  new soil  -22.379471398718934
edge  25537   25808  soil  -17.017543560333518  new soil  -32.43751571499701
edge  25808   24832  soil  -16.640908536258486  new soil  -31.721909169254452
edge  24832   24334  soil  -21.605638868189686  new soil  -41.15489679992373
edge  24334   24843  soil  -27.249807880468378  new soil  -51.878817923253244
edge  24843   25599  soil  -30.740460895278275  new soil  -58.51105865139205
edge  160   25319  soil  -14.556511913017015  new soil  -27.76155558509566
edge  25319   24703  soil  -25.193719238790912  new soil  -47.97224950406606
edge  24703   25394  soil  -18.65557489785863  new soil  -35.54977525629473
edge  25394   25586  soil  -15.437414127342318  new soil  -29.435269792313736
edge  25586   25908  soil  -17.309140582866494  new soil  -32.99155005780967
edge  25908   24741  soil  -16.58956201221723  new soil  -31.624350773576065
edge  24741   24227  soil  -10.736295432558258  new soil  -20.50314427222402
edge  24227   24725  soil  -22.898726830931924  new soil  -43.611763929133986
edge  161   25750  soil  -13.09080170443907  new soil  -24.97670618879756
edge  25750   25171  soil  -13.333310174069604  new soil  -25.437472281095577
Local Best Score &{RiderCost:700000 KitchenOptimality:160 UserSatisfaction:0.3034896056961476} 
Best Score &{RiderCost:700000 KitchenOptimality:160 UserSatisfaction:0.3034896056961476} 
